c:\program files (x86)\steam\steamapps\common\half-life\goldsrckart\sourcecode\projects\vs2013\release\hldll\int\vc120.pdb
c:\program files (x86)\steam\steamapps\common\half-life\goldsrckart\sourcecode\projects\vs2013\release\hldll\int\crowbar.obj
c:\program files (x86)\steam\steamapps\common\half-life\goldsrckart\sourcecode\projects\vs2013\release\hldll\int\crossbow.obj
c:\program files (x86)\steam\steamapps\common\half-life\goldsrckart\sourcecode\projects\vs2013\release\hldll\int\controller.obj
c:\program files (x86)\steam\steamapps\common\half-life\goldsrckart\sourcecode\projects\vs2013\release\hldll\int\combat.obj
c:\program files (x86)\steam\steamapps\common\half-life\goldsrckart\sourcecode\projects\vs2013\release\hldll\int\client.obj
c:\program files (x86)\steam\steamapps\common\half-life\goldsrckart\sourcecode\projects\vs2013\release\hldll\int\cbase.obj
c:\program files (x86)\steam\steamapps\common\half-life\goldsrckart\sourcecode\projects\vs2013\release\hldll\int\buttons.obj
c:\program files (x86)\steam\steamapps\common\half-life\goldsrckart\sourcecode\projects\vs2013\release\hldll\int\bullsquid.obj
c:\program files (x86)\steam\steamapps\common\half-life\goldsrckart\sourcecode\projects\vs2013\release\hldll\int\bmodels.obj
c:\program files (x86)\steam\steamapps\common\half-life\goldsrckart\sourcecode\projects\vs2013\release\hldll\int\bloater.obj
c:\program files (x86)\steam\steamapps\common\half-life\goldsrckart\sourcecode\projects\vs2013\release\hldll\int\bigmomma.obj
c:\program files (x86)\steam\steamapps\common\half-life\goldsrckart\sourcecode\projects\vs2013\release\hldll\int\barney.obj
c:\program files (x86)\steam\steamapps\common\half-life\goldsrckart\sourcecode\projects\vs2013\release\hldll\int\barnacle.obj
c:\program files (x86)\steam\steamapps\common\half-life\goldsrckart\sourcecode\projects\vs2013\release\hldll\int\apache.obj
c:\program files (x86)\steam\steamapps\common\half-life\goldsrckart\sourcecode\projects\vs2013\release\hldll\int\animation.obj
c:\program files (x86)\steam\steamapps\common\half-life\goldsrckart\sourcecode\projects\vs2013\release\hldll\int\animating.obj
c:\program files (x86)\steam\steamapps\common\half-life\goldsrckart\sourcecode\projects\vs2013\release\hldll\int\airtank.obj
c:\program files (x86)\steam\steamapps\common\half-life\goldsrckart\sourcecode\projects\vs2013\release\hldll\int\agrunt.obj
c:\program files (x86)\steam\steamapps\common\half-life\goldsrckart\sourcecode\projects\vs2013\release\hldll\int\aflock.obj
c:\program files (x86)\steam\steamapps\common\half-life\goldsrckart\sourcecode\projects\vs2013\release\hldll\int\healthkit.obj
c:\program files (x86)\steam\steamapps\common\half-life\goldsrckart\sourcecode\projects\vs2013\release\hldll\int\headcrab.obj
c:\program files (x86)\steam\steamapps\common\half-life\goldsrckart\sourcecode\projects\vs2013\release\hldll\int\hassassin.obj
c:\program files (x86)\steam\steamapps\common\half-life\goldsrckart\sourcecode\projects\vs2013\release\hldll\int\handgrenade.obj
c:\program files (x86)\steam\steamapps\common\half-life\goldsrckart\sourcecode\projects\vs2013\release\hldll\int\gman.obj
c:\program files (x86)\steam\steamapps\common\half-life\goldsrckart\sourcecode\projects\vs2013\release\hldll\int\globals.obj
c:\program files (x86)\steam\steamapps\common\half-life\goldsrckart\sourcecode\projects\vs2013\release\hldll\int\ggrenade.obj
c:\program files (x86)\steam\steamapps\common\half-life\goldsrckart\sourcecode\projects\vs2013\release\hldll\int\genericmonster.obj
c:\program files (x86)\steam\steamapps\common\half-life\goldsrckart\sourcecode\projects\vs2013\release\hldll\int\gauss.obj
c:\program files (x86)\steam\steamapps\common\half-life\goldsrckart\sourcecode\projects\vs2013\release\hldll\int\gargantua.obj
c:\program files (x86)\steam\steamapps\common\half-life\goldsrckart\sourcecode\projects\vs2013\release\hldll\int\gamerules.obj
c:\program files (x86)\steam\steamapps\common\half-life\goldsrckart\sourcecode\projects\vs2013\release\hldll\int\game.obj
c:\program files (x86)\steam\steamapps\common\half-life\goldsrckart\sourcecode\projects\vs2013\release\hldll\int\func_tank.obj
c:\program files (x86)\steam\steamapps\common\half-life\goldsrckart\sourcecode\projects\vs2013\release\hldll\int\func_break.obj
c:\program files (x86)\steam\steamapps\common\half-life\goldsrckart\sourcecode\projects\vs2013\release\hldll\int\flyingmonster.obj
c:\program files (x86)\steam\steamapps\common\half-life\goldsrckart\sourcecode\projects\vs2013\release\hldll\int\explode.obj
c:\program files (x86)\steam\steamapps\common\half-life\goldsrckart\sourcecode\projects\vs2013\release\hldll\int\egon.obj
c:\program files (x86)\steam\steamapps\common\half-life\goldsrckart\sourcecode\projects\vs2013\release\hldll\int\effects.obj
c:\program files (x86)\steam\steamapps\common\half-life\goldsrckart\sourcecode\projects\vs2013\release\hldll\int\doors.obj
c:\program files (x86)\steam\steamapps\common\half-life\goldsrckart\sourcecode\projects\vs2013\release\hldll\int\defaultai.obj
c:\program files (x86)\steam\steamapps\common\half-life\goldsrckart\sourcecode\projects\vs2013\release\hldll\int\mortar.obj
c:\program files (x86)\steam\steamapps\common\half-life\goldsrckart\sourcecode\projects\vs2013\release\hldll\int\monsterstate.obj
c:\program files (x86)\steam\steamapps\common\half-life\goldsrckart\sourcecode\projects\vs2013\release\hldll\int\monsters.obj
c:\program files (x86)\steam\steamapps\common\half-life\goldsrckart\sourcecode\projects\vs2013\release\hldll\int\monstermaker.obj
c:\program files (x86)\steam\steamapps\common\half-life\goldsrckart\sourcecode\projects\vs2013\release\hldll\int\maprules.obj
c:\program files (x86)\steam\steamapps\common\half-life\goldsrckart\sourcecode\projects\vs2013\release\hldll\int\lights.obj
c:\program files (x86)\steam\steamapps\common\half-life\goldsrckart\sourcecode\projects\vs2013\release\hldll\int\leech.obj
c:\program files (x86)\steam\steamapps\common\half-life\goldsrckart\sourcecode\projects\vs2013\release\hldll\int\items.obj
c:\program files (x86)\steam\steamapps\common\half-life\goldsrckart\sourcecode\projects\vs2013\release\hldll\int\islave.obj
c:\program files (x86)\steam\steamapps\common\half-life\goldsrckart\sourcecode\projects\vs2013\release\hldll\int\ichthyosaur.obj
c:\program files (x86)\steam\steamapps\common\half-life\goldsrckart\sourcecode\projects\vs2013\release\hldll\int\h_export.obj
c:\program files (x86)\steam\steamapps\common\half-life\goldsrckart\sourcecode\projects\vs2013\release\hldll\int\h_cycler.obj
c:\program files (x86)\steam\steamapps\common\half-life\goldsrckart\sourcecode\projects\vs2013\release\hldll\int\h_cine.obj
c:\program files (x86)\steam\steamapps\common\half-life\goldsrckart\sourcecode\projects\vs2013\release\hldll\int\h_battery.obj
c:\program files (x86)\steam\steamapps\common\half-life\goldsrckart\sourcecode\projects\vs2013\release\hldll\int\h_ai.obj
c:\program files (x86)\steam\steamapps\common\half-life\goldsrckart\sourcecode\projects\vs2013\release\hldll\int\houndeye.obj
c:\program files (x86)\steam\steamapps\common\half-life\goldsrckart\sourcecode\projects\vs2013\release\hldll\int\hornetgun.obj
c:\program files (x86)\steam\steamapps\common\half-life\goldsrckart\sourcecode\projects\vs2013\release\hldll\int\hornet.obj
c:\program files (x86)\steam\steamapps\common\half-life\goldsrckart\sourcecode\projects\vs2013\release\hldll\int\hgrunt.obj
c:\program files (x86)\steam\steamapps\common\half-life\goldsrckart\sourcecode\projects\vs2013\release\hldll\int\shotgun.obj
c:\program files (x86)\steam\steamapps\common\half-life\goldsrckart\sourcecode\projects\vs2013\release\hldll\int\scripted.obj
c:\program files (x86)\steam\steamapps\common\half-life\goldsrckart\sourcecode\projects\vs2013\release\hldll\int\scientist.obj
c:\program files (x86)\steam\steamapps\common\half-life\goldsrckart\sourcecode\projects\vs2013\release\hldll\int\schedule.obj
c:\program files (x86)\steam\steamapps\common\half-life\goldsrckart\sourcecode\projects\vs2013\release\hldll\int\satchel.obj
c:\program files (x86)\steam\steamapps\common\half-life\goldsrckart\sourcecode\projects\vs2013\release\hldll\int\rpg.obj
c:\program files (x86)\steam\steamapps\common\half-life\goldsrckart\sourcecode\projects\vs2013\release\hldll\int\roach.obj
c:\program files (x86)\steam\steamapps\common\half-life\goldsrckart\sourcecode\projects\vs2013\release\hldll\int\rat.obj
c:\program files (x86)\steam\steamapps\common\half-life\goldsrckart\sourcecode\projects\vs2013\release\hldll\int\python.obj
c:\program files (x86)\steam\steamapps\common\half-life\goldsrckart\sourcecode\projects\vs2013\release\hldll\int\player.obj
c:\program files (x86)\steam\steamapps\common\half-life\goldsrckart\sourcecode\projects\vs2013\release\hldll\int\plats.obj
c:\program files (x86)\steam\steamapps\common\half-life\goldsrckart\sourcecode\projects\vs2013\release\hldll\int\plane.obj
c:\program files (x86)\steam\steamapps\common\half-life\goldsrckart\sourcecode\projects\vs2013\release\hldll\int\pathcorner.obj
c:\program files (x86)\steam\steamapps\common\half-life\goldsrckart\sourcecode\projects\vs2013\release\hldll\int\osprey.obj
c:\program files (x86)\steam\steamapps\common\half-life\goldsrckart\sourcecode\projects\vs2013\release\hldll\int\observer.obj
c:\program files (x86)\steam\steamapps\common\half-life\goldsrckart\sourcecode\projects\vs2013\release\hldll\int\nodes.obj
c:\program files (x86)\steam\steamapps\common\half-life\goldsrckart\sourcecode\projects\vs2013\release\hldll\int\nihilanth.obj
c:\program files (x86)\steam\steamapps\common\half-life\goldsrckart\sourcecode\projects\vs2013\release\hldll\int\multiplay_gamerules.obj
c:\program files (x86)\steam\steamapps\common\half-life\goldsrckart\sourcecode\projects\vs2013\release\hldll\int\mp5.obj
c:\program files (x86)\steam\steamapps\common\half-life\goldsrckart\sourcecode\projects\vs2013\release\hldll\int\hl_wpn_glock.obj
c:\program files (x86)\steam\steamapps\common\half-life\goldsrckart\sourcecode\projects\vs2013\release\hldll\int\world.obj
c:\program files (x86)\steam\steamapps\common\half-life\goldsrckart\sourcecode\projects\vs2013\release\hldll\int\weapons.obj
c:\program files (x86)\steam\steamapps\common\half-life\goldsrckart\sourcecode\projects\vs2013\release\hldll\int\util.obj
c:\program files (x86)\steam\steamapps\common\half-life\goldsrckart\sourcecode\projects\vs2013\release\hldll\int\turret.obj
c:\program files (x86)\steam\steamapps\common\half-life\goldsrckart\sourcecode\projects\vs2013\release\hldll\int\tripmine.obj
c:\program files (x86)\steam\steamapps\common\half-life\goldsrckart\sourcecode\projects\vs2013\release\hldll\int\triggers.obj
c:\program files (x86)\steam\steamapps\common\half-life\goldsrckart\sourcecode\projects\vs2013\release\hldll\int\tentacle.obj
c:\program files (x86)\steam\steamapps\common\half-life\goldsrckart\sourcecode\projects\vs2013\release\hldll\int\tempmonster.obj
c:\program files (x86)\steam\steamapps\common\half-life\goldsrckart\sourcecode\projects\vs2013\release\hldll\int\teamplay_gamerules.obj
c:\program files (x86)\steam\steamapps\common\half-life\goldsrckart\sourcecode\projects\vs2013\release\hldll\int\talkmonster.obj
c:\program files (x86)\steam\steamapps\common\half-life\goldsrckart\sourcecode\projects\vs2013\release\hldll\int\subs.obj
c:\program files (x86)\steam\steamapps\common\half-life\goldsrckart\sourcecode\projects\vs2013\release\hldll\int\squeakgrenade.obj
c:\program files (x86)\steam\steamapps\common\half-life\goldsrckart\sourcecode\projects\vs2013\release\hldll\int\squadmonster.obj
c:\program files (x86)\steam\steamapps\common\half-life\goldsrckart\sourcecode\projects\vs2013\release\hldll\int\spectator.obj
c:\program files (x86)\steam\steamapps\common\half-life\goldsrckart\sourcecode\projects\vs2013\release\hldll\int\soundent.obj
c:\program files (x86)\steam\steamapps\common\half-life\goldsrckart\sourcecode\projects\vs2013\release\hldll\int\sound.obj
c:\program files (x86)\steam\steamapps\common\half-life\goldsrckart\sourcecode\projects\vs2013\release\hldll\int\skill.obj
c:\program files (x86)\steam\steamapps\common\half-life\goldsrckart\sourcecode\projects\vs2013\release\hldll\int\singleplay_gamerules.obj
c:\program files (x86)\steam\steamapps\common\half-life\goldsrckart\sourcecode\projects\vs2013\release\hldll\int\voice_gamemgr.obj
c:\program files (x86)\steam\steamapps\common\half-life\goldsrckart\sourcecode\projects\vs2013\release\hldll\int\zombie.obj
c:\program files (x86)\steam\steamapps\common\half-life\goldsrckart\sourcecode\projects\vs2013\release\hldll\int\xen.obj
c:\program files (x86)\steam\steamapps\common\half-life\goldsrckart\sourcecode\projects\vs2013\release\hldll\int\pm_shared.obj
c:\program files (x86)\steam\steamapps\common\half-life\goldsrckart\sourcecode\projects\vs2013\release\hldll\int\pm_math.obj
c:\program files (x86)\steam\steamapps\common\half-life\goldsrckart\sourcecode\projects\vs2013\release\hldll\int\pm_debug.obj
c:\program files (x86)\steam\steamapps\common\half-life\goldsrckart\sourcecode\projects\vs2013\release\hldll\hl.lib
c:\program files (x86)\steam\steamapps\common\half-life\goldsrckart\sourcecode\projects\vs2013\release\hldll\hl.exp
c:\program files (x86)\steam\steamapps\common\half-life\goldsrckart\sourcecode\projects\vs2013\release\hldll\hl.dll
c:\program files (x86)\steam\steamapps\common\half-life\goldsrckart\sourcecode\projects\vs2013\release\hldll\hl.pdb
c:\program files (x86)\steam\steamapps\common\half-life\goldsrckart\sourcecode\projects\vs2013\release\hldll\int\hldll.tlog\cl.command.1.tlog
c:\program files (x86)\steam\steamapps\common\half-life\goldsrckart\sourcecode\projects\vs2013\release\hldll\int\hldll.tlog\cl.read.1.tlog
c:\program files (x86)\steam\steamapps\common\half-life\goldsrckart\sourcecode\projects\vs2013\release\hldll\int\hldll.tlog\cl.write.1.tlog
c:\program files (x86)\steam\steamapps\common\half-life\goldsrckart\sourcecode\projects\vs2013\release\hldll\int\hldll.tlog\hldll.write.1u.tlog
c:\program files (x86)\steam\steamapps\common\half-life\goldsrckart\sourcecode\projects\vs2013\release\hldll\int\hldll.tlog\link.command.1.tlog
c:\program files (x86)\steam\steamapps\common\half-life\goldsrckart\sourcecode\projects\vs2013\release\hldll\int\hldll.tlog\link.read.1.tlog
c:\program files (x86)\steam\steamapps\common\half-life\goldsrckart\sourcecode\projects\vs2013\release\hldll\int\hldll.tlog\link.write.1.tlog
