  aflock.cpp
  agrunt.cpp
  airtank.cpp
  animating.cpp
  apache.cpp
  barnacle.cpp
  barney.cpp
  bigmomma.cpp
  bloater.cpp
  bmodels.cpp
  bullsquid.cpp
  buttons.cpp
  cbase.cpp
  client.cpp
  combat.cpp
  controller.cpp
  crossbow.cpp
  crowbar.cpp
  defaultai.cpp
  doors.cpp
  Compiling...
  effects.cpp
  egon.cpp
  explode.cpp
  flyingmonster.cpp
  func_break.cpp
  func_tank.cpp
  game.cpp
  gamerules.cpp
  gargantua.cpp
  gauss.cpp
  genericmonster.cpp
  ggrenade.cpp
  globals.cpp
  gman.cpp
  h_ai.cpp
  h_battery.cpp
  h_cine.cpp
  h_cycler.cpp
  h_export.cpp
  handgrenade.cpp
  Compiling...
  hassassin.cpp
  headcrab.cpp
  healthkit.cpp
  hgrunt.cpp
  hornet.cpp
  hornetgun.cpp
  houndeye.cpp
  ichthyosaur.cpp
  islave.cpp
  items.cpp
  leech.cpp
  lights.cpp
  maprules.cpp
  monstermaker.cpp
  monsters.cpp
  monsterstate.cpp
  mortar.cpp
  mp5.cpp
  multiplay_gamerules.cpp
  nihilanth.cpp
  Compiling...
  nodes.cpp
  observer.cpp
  osprey.cpp
  pathcorner.cpp
  plats.cpp
  player.cpp
  python.cpp
  rat.cpp
  roach.cpp
  rpg.cpp
  satchel.cpp
  schedule.cpp
  scientist.cpp
  scripted.cpp
  shotgun.cpp
  singleplay_gamerules.cpp
  skill.cpp
  sound.cpp
  soundent.cpp
  spectator.cpp
  Compiling...
  squadmonster.cpp
  squeakgrenade.cpp
  subs.cpp
  talkmonster.cpp
  teamplay_gamerules.cpp
  tentacle.cpp
  triggers.cpp
  tripmine.cpp
  turret.cpp
  util.cpp
  weapons.cpp
  world.cpp
  hl_wpn_glock.cpp
  xen.cpp
  zombie.cpp
  voice_gamemgr.cpp
  pm_shared.c
     Creating library Release\hldll\hl.lib and object Release\hldll\hl.exp
  Generating code
  Finished generating code
  hldll.vcxproj -> C:\Program Files (x86)\Steam\steamapps\common\Half-Life\goldsrckart\sourcecode\projects\vs2013\Release\hldll\hl.dll
          1 file(s) copied.
          1 file(s) copied.
