c:\program files (x86)\steam\steamapps\common\half-life\goldsrckart-master\sourcecode\projects\vs2013\release\hl_cdll\int\vc120.pdb
c:\program files (x86)\steam\steamapps\common\half-life\goldsrckart-master\sourcecode\projects\vs2013\release\hl_cdll\int\hl_weapons.obj
c:\program files (x86)\steam\steamapps\common\half-life\goldsrckart-master\sourcecode\projects\vs2013\release\hl_cdll\int\hl_objects.obj
c:\program files (x86)\steam\steamapps\common\half-life\goldsrckart-master\sourcecode\projects\vs2013\release\hl_cdll\int\hl_events.obj
c:\program files (x86)\steam\steamapps\common\half-life\goldsrckart-master\sourcecode\projects\vs2013\release\hl_cdll\int\hl_baseentity.obj
c:\program files (x86)\steam\steamapps\common\half-life\goldsrckart-master\sourcecode\projects\vs2013\release\hl_cdll\int\health.obj
c:\program files (x86)\steam\steamapps\common\half-life\goldsrckart-master\sourcecode\projects\vs2013\release\hl_cdll\int\geiger.obj
c:\program files (x86)\steam\steamapps\common\half-life\goldsrckart-master\sourcecode\projects\vs2013\release\hl_cdll\int\gamestudiomodelrenderer.obj
c:\program files (x86)\steam\steamapps\common\half-life\goldsrckart-master\sourcecode\projects\vs2013\release\hl_cdll\int\flashlight.obj
c:\program files (x86)\steam\steamapps\common\half-life\goldsrckart-master\sourcecode\projects\vs2013\release\hl_cdll\int\ev_hldm.obj
c:\program files (x86)\steam\steamapps\common\half-life\goldsrckart-master\sourcecode\projects\vs2013\release\hl_cdll\int\ev_common.obj
c:\program files (x86)\steam\steamapps\common\half-life\goldsrckart-master\sourcecode\projects\vs2013\release\hl_cdll\int\events.obj
c:\program files (x86)\steam\steamapps\common\half-life\goldsrckart-master\sourcecode\projects\vs2013\release\hl_cdll\int\entity.obj
c:\program files (x86)\steam\steamapps\common\half-life\goldsrckart-master\sourcecode\projects\vs2013\release\hl_cdll\int\demo.obj
c:\program files (x86)\steam\steamapps\common\half-life\goldsrckart-master\sourcecode\projects\vs2013\release\hl_cdll\int\death.obj
c:\program files (x86)\steam\steamapps\common\half-life\goldsrckart-master\sourcecode\projects\vs2013\release\hl_cdll\int\com_weapons.obj
c:\program files (x86)\steam\steamapps\common\half-life\goldsrckart-master\sourcecode\projects\vs2013\release\hl_cdll\int\cdll_int.obj
c:\program files (x86)\steam\steamapps\common\half-life\goldsrckart-master\sourcecode\projects\vs2013\release\hl_cdll\int\battery.obj
c:\program files (x86)\steam\steamapps\common\half-life\goldsrckart-master\sourcecode\projects\vs2013\release\hl_cdll\int\ammo_secondary.obj
c:\program files (x86)\steam\steamapps\common\half-life\goldsrckart-master\sourcecode\projects\vs2013\release\hl_cdll\int\ammohistory.obj
c:\program files (x86)\steam\steamapps\common\half-life\goldsrckart-master\sourcecode\projects\vs2013\release\hl_cdll\int\ammo.obj
c:\program files (x86)\steam\steamapps\common\half-life\goldsrckart-master\sourcecode\projects\vs2013\release\hl_cdll\int\text_message.obj
c:\program files (x86)\steam\steamapps\common\half-life\goldsrckart-master\sourcecode\projects\vs2013\release\hl_cdll\int\studio_util.obj
c:\program files (x86)\steam\steamapps\common\half-life\goldsrckart-master\sourcecode\projects\vs2013\release\hl_cdll\int\studiomodelrenderer.obj
c:\program files (x86)\steam\steamapps\common\half-life\goldsrckart-master\sourcecode\projects\vs2013\release\hl_cdll\int\status_icons.obj
c:\program files (x86)\steam\steamapps\common\half-life\goldsrckart-master\sourcecode\projects\vs2013\release\hl_cdll\int\statusbar.obj
c:\program files (x86)\steam\steamapps\common\half-life\goldsrckart-master\sourcecode\projects\vs2013\release\hl_cdll\int\saytext.obj
c:\program files (x86)\steam\steamapps\common\half-life\goldsrckart-master\sourcecode\projects\vs2013\release\hl_cdll\int\message.obj
c:\program files (x86)\steam\steamapps\common\half-life\goldsrckart-master\sourcecode\projects\vs2013\release\hl_cdll\int\menu.obj
c:\program files (x86)\steam\steamapps\common\half-life\goldsrckart-master\sourcecode\projects\vs2013\release\hl_cdll\int\in_camera.obj
c:\program files (x86)\steam\steamapps\common\half-life\goldsrckart-master\sourcecode\projects\vs2013\release\hl_cdll\int\interpolation.obj
c:\program files (x86)\steam\steamapps\common\half-life\goldsrckart-master\sourcecode\projects\vs2013\release\hl_cdll\int\input32.obj
c:\program files (x86)\steam\steamapps\common\half-life\goldsrckart-master\sourcecode\projects\vs2013\release\hl_cdll\int\input.obj
c:\program files (x86)\steam\steamapps\common\half-life\goldsrckart-master\sourcecode\projects\vs2013\release\hl_cdll\int\hud_update.obj
c:\program files (x86)\steam\steamapps\common\half-life\goldsrckart-master\sourcecode\projects\vs2013\release\hl_cdll\int\hud_spectator.obj
c:\program files (x86)\steam\steamapps\common\half-life\goldsrckart-master\sourcecode\projects\vs2013\release\hl_cdll\int\hud_servers.obj
c:\program files (x86)\steam\steamapps\common\half-life\goldsrckart-master\sourcecode\projects\vs2013\release\hl_cdll\int\hud_redraw.obj
c:\program files (x86)\steam\steamapps\common\half-life\goldsrckart-master\sourcecode\projects\vs2013\release\hl_cdll\int\hud_msg.obj
c:\program files (x86)\steam\steamapps\common\half-life\goldsrckart-master\sourcecode\projects\vs2013\release\hl_cdll\int\hud_benchtrace.obj
c:\program files (x86)\steam\steamapps\common\half-life\goldsrckart-master\sourcecode\projects\vs2013\release\hl_cdll\int\hud_bench.obj
c:\program files (x86)\steam\steamapps\common\half-life\goldsrckart-master\sourcecode\projects\vs2013\release\hl_cdll\int\hud.obj
c:\program files (x86)\steam\steamapps\common\half-life\goldsrckart-master\sourcecode\projects\vs2013\release\hl_cdll\int\egon.obj
c:\program files (x86)\steam\steamapps\common\half-life\goldsrckart-master\sourcecode\projects\vs2013\release\hl_cdll\int\crowbar.obj
c:\program files (x86)\steam\steamapps\common\half-life\goldsrckart-master\sourcecode\projects\vs2013\release\hl_cdll\int\crossbow.obj
c:\program files (x86)\steam\steamapps\common\half-life\goldsrckart-master\sourcecode\projects\vs2013\release\hl_cdll\int\parsemsg.obj
c:\program files (x86)\steam\steamapps\common\half-life\goldsrckart-master\sourcecode\projects\vs2013\release\hl_cdll\int\voice_status.obj
c:\program files (x86)\steam\steamapps\common\half-life\goldsrckart-master\sourcecode\projects\vs2013\release\hl_cdll\int\view.obj
c:\program files (x86)\steam\steamapps\common\half-life\goldsrckart-master\sourcecode\projects\vs2013\release\hl_cdll\int\vgui_teammenu.obj
c:\program files (x86)\steam\steamapps\common\half-life\goldsrckart-master\sourcecode\projects\vs2013\release\hl_cdll\int\vgui_teamfortressviewport.obj
c:\program files (x86)\steam\steamapps\common\half-life\goldsrckart-master\sourcecode\projects\vs2013\release\hl_cdll\int\vgui_spectatorpanel.obj
c:\program files (x86)\steam\steamapps\common\half-life\goldsrckart-master\sourcecode\projects\vs2013\release\hl_cdll\int\vgui_serverbrowser.obj
c:\program files (x86)\steam\steamapps\common\half-life\goldsrckart-master\sourcecode\projects\vs2013\release\hl_cdll\int\vgui_scorepanel.obj
c:\program files (x86)\steam\steamapps\common\half-life\goldsrckart-master\sourcecode\projects\vs2013\release\hl_cdll\int\vgui_schememanager.obj
c:\program files (x86)\steam\steamapps\common\half-life\goldsrckart-master\sourcecode\projects\vs2013\release\hl_cdll\int\vgui_motdwindow.obj
c:\program files (x86)\steam\steamapps\common\half-life\goldsrckart-master\sourcecode\projects\vs2013\release\hl_cdll\int\vgui_int.obj
c:\program files (x86)\steam\steamapps\common\half-life\goldsrckart-master\sourcecode\projects\vs2013\release\hl_cdll\int\vgui_customobjects.obj
c:\program files (x86)\steam\steamapps\common\half-life\goldsrckart-master\sourcecode\projects\vs2013\release\hl_cdll\int\vgui_controlconfigpanel.obj
c:\program files (x86)\steam\steamapps\common\half-life\goldsrckart-master\sourcecode\projects\vs2013\release\hl_cdll\int\vgui_classmenu.obj
c:\program files (x86)\steam\steamapps\common\half-life\goldsrckart-master\sourcecode\projects\vs2013\release\hl_cdll\int\util.obj
c:\program files (x86)\steam\steamapps\common\half-life\goldsrckart-master\sourcecode\projects\vs2013\release\hl_cdll\int\tri.obj
c:\program files (x86)\steam\steamapps\common\half-life\goldsrckart-master\sourcecode\projects\vs2013\release\hl_cdll\int\train.obj
c:\program files (x86)\steam\steamapps\common\half-life\goldsrckart-master\sourcecode\projects\vs2013\release\hl_cdll\int\interface.obj
c:\program files (x86)\steam\steamapps\common\half-life\goldsrckart-master\sourcecode\projects\vs2013\release\hl_cdll\int\voice_banmgr.obj
c:\program files (x86)\steam\steamapps\common\half-life\goldsrckart-master\sourcecode\projects\vs2013\release\hl_cdll\int\vgui_slider2.obj
c:\program files (x86)\steam\steamapps\common\half-life\goldsrckart-master\sourcecode\projects\vs2013\release\hl_cdll\int\vgui_scrollbar2.obj
c:\program files (x86)\steam\steamapps\common\half-life\goldsrckart-master\sourcecode\projects\vs2013\release\hl_cdll\int\vgui_loadtga.obj
c:\program files (x86)\steam\steamapps\common\half-life\goldsrckart-master\sourcecode\projects\vs2013\release\hl_cdll\int\vgui_listbox.obj
c:\program files (x86)\steam\steamapps\common\half-life\goldsrckart-master\sourcecode\projects\vs2013\release\hl_cdll\int\vgui_helpers.obj
c:\program files (x86)\steam\steamapps\common\half-life\goldsrckart-master\sourcecode\projects\vs2013\release\hl_cdll\int\vgui_grid.obj
c:\program files (x86)\steam\steamapps\common\half-life\goldsrckart-master\sourcecode\projects\vs2013\release\hl_cdll\int\vgui_checkbutton2.obj
c:\program files (x86)\steam\steamapps\common\half-life\goldsrckart-master\sourcecode\projects\vs2013\release\hl_cdll\int\hl_wpn_glock.obj
c:\program files (x86)\steam\steamapps\common\half-life\goldsrckart-master\sourcecode\projects\vs2013\release\hl_cdll\int\tripmine.obj
c:\program files (x86)\steam\steamapps\common\half-life\goldsrckart-master\sourcecode\projects\vs2013\release\hl_cdll\int\squeakgrenade.obj
c:\program files (x86)\steam\steamapps\common\half-life\goldsrckart-master\sourcecode\projects\vs2013\release\hl_cdll\int\shotgun.obj
c:\program files (x86)\steam\steamapps\common\half-life\goldsrckart-master\sourcecode\projects\vs2013\release\hl_cdll\int\satchel.obj
c:\program files (x86)\steam\steamapps\common\half-life\goldsrckart-master\sourcecode\projects\vs2013\release\hl_cdll\int\rpg.obj
c:\program files (x86)\steam\steamapps\common\half-life\goldsrckart-master\sourcecode\projects\vs2013\release\hl_cdll\int\python.obj
c:\program files (x86)\steam\steamapps\common\half-life\goldsrckart-master\sourcecode\projects\vs2013\release\hl_cdll\int\mp5.obj
c:\program files (x86)\steam\steamapps\common\half-life\goldsrckart-master\sourcecode\projects\vs2013\release\hl_cdll\int\hornetgun.obj
c:\program files (x86)\steam\steamapps\common\half-life\goldsrckart-master\sourcecode\projects\vs2013\release\hl_cdll\int\handgrenade.obj
c:\program files (x86)\steam\steamapps\common\half-life\goldsrckart-master\sourcecode\projects\vs2013\release\hl_cdll\int\gauss.obj
c:\program files (x86)\steam\steamapps\common\half-life\goldsrckart-master\sourcecode\projects\vs2013\release\hl_cdll\int\pm_shared.obj
c:\program files (x86)\steam\steamapps\common\half-life\goldsrckart-master\sourcecode\projects\vs2013\release\hl_cdll\int\pm_math.obj
c:\program files (x86)\steam\steamapps\common\half-life\goldsrckart-master\sourcecode\projects\vs2013\release\hl_cdll\int\pm_debug.obj
c:\program files (x86)\steam\steamapps\common\half-life\goldsrckart-master\sourcecode\projects\vs2013\release\hl_cdll\client.lib
c:\program files (x86)\steam\steamapps\common\half-life\goldsrckart-master\sourcecode\projects\vs2013\release\hl_cdll\client.exp
c:\program files (x86)\steam\steamapps\common\half-life\goldsrckart-master\sourcecode\projects\vs2013\release\hl_cdll\client.dll
c:\program files (x86)\steam\steamapps\common\half-life\goldsrckart-master\sourcecode\projects\vs2013\release\hl_cdll\client.pdb
c:\program files (x86)\steam\steamapps\common\half-life\goldsrckart-master\sourcecode\projects\vs2013\release\hl_cdll\int\hl_cdll.tlog\cl.command.1.tlog
c:\program files (x86)\steam\steamapps\common\half-life\goldsrckart-master\sourcecode\projects\vs2013\release\hl_cdll\int\hl_cdll.tlog\cl.read.1.tlog
c:\program files (x86)\steam\steamapps\common\half-life\goldsrckart-master\sourcecode\projects\vs2013\release\hl_cdll\int\hl_cdll.tlog\cl.write.1.tlog
c:\program files (x86)\steam\steamapps\common\half-life\goldsrckart-master\sourcecode\projects\vs2013\release\hl_cdll\int\hl_cdll.tlog\hl_cdll.write.1u.tlog
c:\program files (x86)\steam\steamapps\common\half-life\goldsrckart-master\sourcecode\projects\vs2013\release\hl_cdll\int\hl_cdll.tlog\link.command.1.tlog
c:\program files (x86)\steam\steamapps\common\half-life\goldsrckart-master\sourcecode\projects\vs2013\release\hl_cdll\int\hl_cdll.tlog\link.read.1.tlog
c:\program files (x86)\steam\steamapps\common\half-life\goldsrckart-master\sourcecode\projects\vs2013\release\hl_cdll\int\hl_cdll.tlog\link.write.1.tlog
