  GameStudioModelRenderer.cpp
  StudioModelRenderer.cpp
  ammo.cpp
  ammo_secondary.cpp
  ammohistory.cpp
  battery.cpp
  cdll_int.cpp
  com_weapons.cpp
  death.cpp
  demo.cpp
  entity.cpp
  ev_common.cpp
  ev_hldm.cpp
  events.cpp
  flashlight.cpp
  geiger.cpp
  health.cpp
  hl_baseentity.cpp
  hl_events.cpp
  hl_objects.cpp
  Compiling...
  hl_weapons.cpp
  hud.cpp
  hud_bench.cpp
  hud_msg.cpp
  hud_redraw.cpp
  hud_servers.cpp
  hud_spectator.cpp
  hud_update.cpp
  in_camera.cpp
  input.cpp
  input32.cpp
  interpolation.cpp
  menu.cpp
  message.cpp
  saytext.cpp
  status_icons.cpp
  statusbar.cpp
  studio_util.cpp
  text_message.cpp
  train.cpp
  Compiling...
  tri.cpp
  util.cpp
  vgui_ClassMenu.cpp
  vgui_CustomObjects.cpp
  vgui_MOTDWindow.cpp
  vgui_SchemeManager.cpp
  vgui_ScorePanel.cpp
  vgui_ServerBrowser.cpp
  vgui_SpectatorPanel.cpp
  vgui_TeamFortressViewport.cpp
  vgui_int.cpp
  vgui_teammenu.cpp
  view.cpp
  voice_status.cpp
  crossbow.cpp
  crowbar.cpp
  egon.cpp
  gauss.cpp
  handgrenade.cpp
  hornetgun.cpp
  Compiling...
  mp5.cpp
  python.cpp
  rpg.cpp
  satchel.cpp
  shotgun.cpp
  squeakgrenade.cpp
  tripmine.cpp
  hl_wpn_glock.cpp
  vgui_loadtga.cpp
  pm_debug.c
  pm_shared.c
     Creating library Release\hl_cdll\client.lib and object Release\hl_cdll\client.exp
  Generating code
  Finished generating code
  hl_cdll.vcxproj -> C:\Program Files (x86)\Steam\steamapps\common\Half-Life\goldsrckart\sourcecode\projects\vs2013\Release\hl_cdll\client.dll
          1 file(s) copied.
          1 file(s) copied.
